<?xml version="1.0" encoding="UTF-8"?>
<testsuite xmlns:xsi="http://www.w3.org/2001/XMLSchema-instance" xsi:noNamespaceSchemaLocation="https://maven.apache.org/surefire/maven-surefire-plugin/xsd/surefire-test-report.xsd" name="RaceResultServiceTest" time="1.77" tests="9" errors="0" skipped="0" failures="0">
  <properties>
[...]
</properties>
  <testcase name="testSendingMessageWithMockito" classname="RaceResultServiceTest" time="1.03"/>
  <testcase name="testOfInstanceMessage" classname="RaceResultServiceTest" time="0.007"/>
  <testcase name="testOfInstanceClient" classname="RaceResultServiceTest" time="0"/>
  <testcase name="testSendingMessageWithEasyMock" classname="RaceResultServiceTest" time="0.59"/>
  <testcase name="testOfInstanceRaceResultService" classname="RaceResultServiceTest" time="0.002"/>
  <testcase name="testAddSubscriberToClientsWithMockito" classname="RaceResultServiceTest" time="0.016"/>
  <testcase name="testRemoveSubscriberFromClientsWithMockito" classname="RaceResultServiceTest" time="0.009"/>
  <testcase name="testRemoveSubscriberFromClientsWithEasyMock" classname="RaceResultServiceTest" time="0.005"/>
  <testcase name="testAddSubscriberToClientsWithEasyMock" classname="RaceResultServiceTest" time="0.02"/>
</testsuite>